<?xml version="1.0" encoding="utf-8"?><testsuites name="pytest tests"><testsuite name="pytest" errors="0" failures="0" skipped="0" tests="7" time="0.139" timestamp="2025-09-18T13:36:02.499608-03:00" hostname="SE-GTIC04NB"><testcase classname="tests.test_bytebank.TestClass" name="test_quando_idade_recebe_13_03_2000_deve_retornar_25" time="0.003" /><testcase classname="tests.test_bytebank.TestClass" name="test_quando_sobrenome_recebe_Lucas_Carvalho_deve_retornar_Carvalho" time="0.001" /><testcase classname="tests.test_bytebank.TestClass" name="test_quando_decrescimo_salario_recebe_100000_deve_retornar_90000" time="0.001" /><testcase classname="tests.test_bytebank.TestClass" name="test_quando_calcular_bonus_recebe_1000_deve_retornar_100" time="0.001" /><testcase classname="tests.test_bytebank.TestClass" name="test_quando_calcular_bonus_recebe_10001_deve_retornar_exception" time="0.001" /><testcase classname="tests.test_bytebank.TestClass" name="test_quando_chamar_nome_retorna_nome" time="0.001" /><testcase classname="tests.test_bytebank.TestClass" name="test_quando_chamar_salario_retorna_salario" time="0.001" /></testsuite></testsuites>